  GraphicObj.cpp
  Lab3.cpp
C:\Git\lab4\lab4\Lab3.cpp(9,30): warning C4305: аргумент: усечение из "double" в "float"
C:\Git\lab4\lab4\Lab3.cpp(19,31): warning C4244: инициализация: преобразование "BOOL" в "float", возможна потеря данных
C:\Git\lab4\lab4\Lab3.cpp(21,13): warning C4305: return: усечение из "double" в "float"
  PhongMaterial.cpp
C:\Git\lab4\lab4\PhongMaterial.cpp(71,27): warning C4244: аргумент: преобразование "double" в "float", возможна потеря данных
C:\Git\lab4\lab4\PhongMaterial.cpp(34,9): warning C4101: a: неиспользованная локальная переменная
  Создание кода...
GraphicObj.obj : error LNK2019: ссылка на неразрешенный внешний символ __imp_glutSolidTeapot в функции "public: void __cdecl GraphicObject::draw(void)" (?draw@GraphicObject@@QEAAXXZ).
Lab3.obj : error LNK2019: ссылка на неразрешенный внешний символ __imp_glutInitWindowPosition в функции main.
Lab3.obj : error LNK2019: ссылка на неразрешенный внешний символ __imp_glutInitWindowSize в функции main.
Lab3.obj : error LNK2019: ссылка на неразрешенный внешний символ __imp_glutInitDisplayMode в функции main.
Lab3.obj : error LNK2019: ссылка на неразрешенный внешний символ __imp_glutMainLoop в функции main.
Lab3.obj : error LNK2019: ссылка на неразрешенный внешний символ __imp_glutPostRedisplay в функции "void __cdecl Simulation(void)" (?Simulation@@YAXXZ).
Lab3.obj : error LNK2019: ссылка на неразрешенный внешний символ __imp_glutSwapBuffers в функции "void __cdecl Display(void)" (?Display@@YAXXZ).
Lab3.obj : error LNK2019: ссылка на неразрешенный внешний символ __imp_glutIdleFunc в функции main.
Lab3.obj : error LNK2019: ссылка на неразрешенный внешний символ __imp_glutKeyboardFunc в функции main.
Lab3.obj : error LNK2019: ссылка на неразрешенный внешний символ __imp_glutReshapeFunc в функции main.
Lab3.obj : error LNK2019: ссылка на неразрешенный внешний символ __imp_glutDisplayFunc в функции main.
Lab3.obj : error LNK2019: ссылка на неразрешенный внешний символ __imp___glutInitWithExit в функции glutInit_ATEXIT_HACK.
Lab3.obj : error LNK2019: ссылка на неразрешенный внешний символ __imp___glutCreateWindowWithExit в функции glutCreateWindow_ATEXIT_HACK.
C:\Git\lab4\lab4\VSL\freeglut\lib\freeglut.lib : warning LNK4272: тип компьютера библиотеки "x86" конфликтует с типом целевого компьютера "x64"
C:\Git\lab4\x64\Debug\lab4.exe : fatal error LNK1120: неразрешенных внешних элементов: 13
