  Lab1.cpp
C:\Git\lab1\lab1\Lab1.cpp(35,35): warning C4305: аргумент: усечение из "double" в "GLclampf"
C:\Git\lab1\lab1\Lab1.cpp(44,50): warning C4244: аргумент: преобразование "double" в "GLfloat", возможна потеря данных
C:\Git\lab1\lab1\Lab1.cpp(44,36): warning C4244: аргумент: преобразование "double" в "GLfloat", возможна потеря данных
C:\Git\lab1\lab1\Lab1.cpp(44,23): warning C4244: аргумент: преобразование "double" в "GLfloat", возможна потеря данных
Lab1.obj : error LNK2019: ссылка на неразрешенный внешний символ __imp_glutInitWindowPosition в функции main.
Lab1.obj : error LNK2019: ссылка на неразрешенный внешний символ __imp_glutInitWindowSize в функции main.
Lab1.obj : error LNK2019: ссылка на неразрешенный внешний символ __imp_glutInitDisplayMode в функции main.
Lab1.obj : error LNK2019: ссылка на неразрешенный внешний символ __imp_glutMainLoop в функции main.
Lab1.obj : error LNK2019: ссылка на неразрешенный внешний символ __imp_glutPostRedisplay в функции "void __cdecl Simulation(int)" (?Simulation@@YAXH@Z).
Lab1.obj : error LNK2019: ссылка на неразрешенный внешний символ __imp_glutSwapBuffers в функции "void __cdecl Display(void)" (?Display@@YAXXZ).
Lab1.obj : error LNK2019: ссылка на неразрешенный внешний символ __imp_glutTimerFunc в функции "void __cdecl Simulation(int)" (?Simulation@@YAXH@Z).
Lab1.obj : error LNK2019: ссылка на неразрешенный внешний символ __imp_glutKeyboardFunc в функции main.
Lab1.obj : error LNK2019: ссылка на неразрешенный внешний символ __imp_glutReshapeFunc в функции main.
Lab1.obj : error LNK2019: ссылка на неразрешенный внешний символ __imp_glutDisplayFunc в функции main.
Lab1.obj : error LNK2019: ссылка на неразрешенный внешний символ __imp_glutWireTeapot в функции "void __cdecl Display(void)" (?Display@@YAXXZ).
Lab1.obj : error LNK2019: ссылка на неразрешенный внешний символ __imp___glutInitWithExit в функции glutInit_ATEXIT_HACK.
Lab1.obj : error LNK2019: ссылка на неразрешенный внешний символ __imp___glutCreateWindowWithExit в функции glutCreateWindow_ATEXIT_HACK.
Lab1.obj : error LNK2019: ссылка на неразрешенный внешний символ __imp_glutWireTeacup в функции "void __cdecl Display(void)" (?Display@@YAXXZ).
C:\Git\lab1\lab1\VSL\freeglut\lib\freeglut.lib : warning LNK4272: тип компьютера библиотеки "x86" конфликтует с типом целевого компьютера "x64"
C:\Git\lab1\x64\Debug\lab1.exe : fatal error LNK1120: неразрешенных внешних элементов: 14
