  Camera.cpp
  GameObject.cpp
C:\Git\lab7\lab_07\GameObject.cpp(39,66): warning C4244: аргумент: преобразование "T" в "int", возможна потеря данных
          with
          [
              T=float
          ]
C:\Git\lab7\lab_07\GameObject.cpp(39,43): warning C4244: аргумент: преобразование "T" в "int", возможна потеря данных
          with
          [
              T=float
          ]
C:\Git\lab7\lab_07\GameObject.cpp(55,66): warning C4244: аргумент: преобразование "T" в "int", возможна потеря данных
          with
          [
              T=float
          ]
C:\Git\lab7\lab_07\GameObject.cpp(55,43): warning C4244: аргумент: преобразование "T" в "int", возможна потеря данных
          with
          [
              T=float
          ]
C:\Git\lab7\lab_07\GameObject.cpp(70,65): warning C4244: аргумент: преобразование "T" в "int", возможна потеря данных
          with
          [
              T=float
          ]
C:\Git\lab7\lab_07\GameObject.cpp(70,40): warning C4244: аргумент: преобразование "T" в "int", возможна потеря данных
          with
          [
              T=float
          ]
C:\Git\lab7\lab_07\GameObject.cpp(85,65): warning C4244: аргумент: преобразование "T" в "int", возможна потеря данных
          with
          [
              T=float
          ]
C:\Git\lab7\lab_07\GameObject.cpp(85,40): warning C4244: аргумент: преобразование "T" в "int", возможна потеря данных
          with
          [
              T=float
          ]
  GameObjectFactory.cpp
C:\Git\lab7\lab_07\GameObjectFactory.cpp(45,20): warning C4018: <: несоответствие типов со знаком и без знака
C:\Git\lab7\lab_07\GameObjectFactory.cpp(55,106): warning C4244: =: преобразование "double" в "T", возможна потеря данных
          with
          [
              T=float
          ]
C:\Git\lab7\lab_07\GameObjectFactory.cpp(60,106): warning C4244: =: преобразование "double" в "T", возможна потеря данных
          with
          [
              T=float
          ]
C:\Git\lab7\lab_07\GameObjectFactory.cpp(65,106): warning C4244: =: преобразование "double" в "T", возможна потеря данных
          with
          [
              T=float
          ]
C:\Git\lab7\lab_07\GameObjectFactory.cpp(70,106): warning C4244: =: преобразование "double" в "T", возможна потеря данных
          with
          [
              T=float
          ]
C:\Git\lab7\lab_07\GameObjectFactory.cpp(73,103): warning C4244: =: преобразование "double" в "GLfloat", возможна потеря данных
C:\Git\lab7\lab_07\GameObjectFactory.cpp(128,31): warning C4244: аргумент: преобразование "int" в "float", возможна потеря данных
C:\Git\lab7\lab_07\GameObjectFactory.cpp(128,20): warning C4244: аргумент: преобразование "int" в "float", возможна потеря данных
  GraphicObject.cpp
  Light.cpp
  Main.cpp
C:\Git\lab7\lab_07\Simulation.h(26,32): warning C4091: extern : пропускается слева от "MoveDirection", когда ни одна переменная не объявлена
C:\Git\lab7\lab_07\Main.cpp(52,32): warning C4091: extern : пропускается слева от "MoveDirection", когда ни одна переменная не объявлена
C:\Git\lab7\lab_07\Main.cpp(157,41): warning C4305: аргумент: усечение из "double" в "float"
  Material.cpp
  Mesh.cpp
C:\Git\lab7\lab_07\Mesh.cpp(91,24): warning C4018: <: несоответствие типов со знаком и без знака
C:\Git\lab7\lab_07\Mesh.cpp(104,19): warning C4244: =: преобразование "int" в "T", возможна потеря данных
          with
          [
              T=float
          ]
C:\Git\lab7\lab_07\Mesh.cpp(105,19): warning C4244: =: преобразование "int" в "T", возможна потеря данных
          with
          [
              T=float
          ]
C:\Git\lab7\lab_07\Mesh.cpp(106,19): warning C4244: =: преобразование "int" в "T", возможна потеря данных
          with
          [
              T=float
          ]
C:\Git\lab7\lab_07\Mesh.cpp(109,33): warning C4244: аргумент: преобразование "T" в "const unsigned int", возможна потеря данных
          with
          [
              T=float
          ]
C:\Git\lab7\lab_07\Mesh.cpp(110,33): warning C4244: аргумент: преобразование "T" в "const unsigned int", возможна потеря данных
          with
          [
              T=float
          ]
C:\Git\lab7\lab_07\Mesh.cpp(111,33): warning C4244: аргумент: преобразование "T" в "const unsigned int", возможна потеря данных
          with
          [
              T=float
          ]
C:\Git\lab7\lab_07\Mesh.cpp(112,39): warning C4244: аргумент: преобразование "T" в "const unsigned int", возможна потеря данных
          with
          [
              T=float
          ]
C:\Git\lab7\lab_07\Mesh.cpp(113,39): warning C4244: аргумент: преобразование "T" в "const unsigned int", возможна потеря данных
          with
          [
              T=float
          ]
C:\Git\lab7\lab_07\Mesh.cpp(114,39): warning C4244: аргумент: преобразование "T" в "const unsigned int", возможна потеря данных
          with
          [
              T=float
          ]
C:\Git\lab7\lab_07\Mesh.cpp(115,34): warning C4244: аргумент: преобразование "T" в "const unsigned int", возможна потеря данных
          with
          [
              T=float
          ]
C:\Git\lab7\lab_07\Mesh.cpp(116,34): warning C4244: аргумент: преобразование "T" в "const unsigned int", возможна потеря данных
          with
          [
              T=float
          ]
C:\Git\lab7\lab_07\Mesh.cpp(117,34): warning C4244: аргумент: преобразование "T" в "const unsigned int", возможна потеря данных
          with
          [
              T=float
          ]
C:\Git\lab7\lab_07\Mesh.cpp(137,24): warning C4018: <: несоответствие типов со знаком и без знака
C:\Git\lab7\lab_07\Mesh.cpp(150,19): warning C4244: =: преобразование "int" в "T", возможна потеря данных
          with
          [
              T=float
          ]
C:\Git\lab7\lab_07\Mesh.cpp(151,19): warning C4244: =: преобразование "int" в "T", возможна потеря данных
          with
          [
              T=float
          ]
C:\Git\lab7\lab_07\Mesh.cpp(152,19): warning C4244: =: преобразование "int" в "T", возможна потеря данных
          with
          [
              T=float
          ]
C:\Git\lab7\lab_07\Mesh.cpp(155,33): warning C4244: аргумент: преобразование "T" в "const unsigned int", возможна потеря данных
          with
          [
              T=float
          ]
C:\Git\lab7\lab_07\Mesh.cpp(156,33): warning C4244: аргумент: преобразование "T" в "const unsigned int", возможна потеря данных
          with
          [
              T=float
          ]
C:\Git\lab7\lab_07\Mesh.cpp(157,33): warning C4244: аргумент: преобразование "T" в "const unsigned int", возможна потеря данных
          with
          [
              T=float
          ]
C:\Git\lab7\lab_07\Mesh.cpp(158,34): warning C4244: аргумент: преобразование "T" в "const unsigned int", возможна потеря данных
          with
          [
              T=float
          ]
C:\Git\lab7\lab_07\Mesh.cpp(159,34): warning C4244: аргумент: преобразование "T" в "const unsigned int", возможна потеря данных
          with
          [
              T=float
          ]
C:\Git\lab7\lab_07\Mesh.cpp(160,34): warning C4244: аргумент: преобразование "T" в "const unsigned int", возможна потеря данных
          with
          [
              T=float
          ]
C:\Git\lab7\lab_07\Mesh.cpp(161,39): warning C4244: аргумент: преобразование "T" в "const unsigned int", возможна потеря данных
          with
          [
              T=float
          ]
C:\Git\lab7\lab_07\Mesh.cpp(162,39): warning C4244: аргумент: преобразование "T" в "const unsigned int", возможна потеря данных
          with
          [
              T=float
          ]
C:\Git\lab7\lab_07\Mesh.cpp(163,39): warning C4244: аргумент: преобразование "T" в "const unsigned int", возможна потеря данных
          with
          [
              T=float
          ]
C:\Git\lab7\lab_07\Mesh.cpp(183,24): warning C4018: <: несоответствие типов со знаком и без знака
C:\Git\lab7\lab_07\Mesh.cpp(196,19): warning C4244: =: преобразование "int" в "T", возможна потеря данных
          with
          [
              T=float
          ]
C:\Git\lab7\lab_07\Mesh.cpp(197,19): warning C4244: =: преобразование "int" в "T", возможна потеря данных
          with
          [
              T=float
          ]
C:\Git\lab7\lab_07\Mesh.cpp(198,19): warning C4244: =: преобразование "int" в "T", возможна потеря данных
          with
          [
              T=float
          ]
C:\Git\lab7\lab_07\Mesh.cpp(201,33): warning C4244: аргумент: преобразование "T" в "const unsigned int", возможна потеря данных
          with
          [
              T=float
          ]
C:\Git\lab7\lab_07\Mesh.cpp(202,33): warning C4244: аргумент: преобразование "T" в "const unsigned int", возможна потеря данных
          with
          [
              T=float
          ]
C:\Git\lab7\lab_07\Mesh.cpp(203,33): warning C4244: аргумент: преобразование "T" в "const unsigned int", возможна потеря данных
          with
          [
              T=float
          ]
C:\Git\lab7\lab_07\Mesh.cpp(204,34): warning C4244: аргумент: преобразование "T" в "const unsigned int", возможна потеря данных
          with
          [
              T=float
          ]
C:\Git\lab7\lab_07\Mesh.cpp(205,34): warning C4244: аргумент: преобразование "T" в "const unsigned int", возможна потеря данных
          with
          [
              T=float
          ]
C:\Git\lab7\lab_07\Mesh.cpp(206,34): warning C4244: аргумент: преобразование "T" в "const unsigned int", возможна потеря данных
          with
          [
              T=float
          ]
C:\Git\lab7\lab_07\Mesh.cpp(207,39): warning C4244: аргумент: преобразование "T" в "const unsigned int", возможна потеря данных
          with
          [
              T=float
          ]
C:\Git\lab7\lab_07\Mesh.cpp(208,39): warning C4244: аргумент: преобразование "T" в "const unsigned int", возможна потеря данных
          with
          [
              T=float
          ]
C:\Git\lab7\lab_07\Mesh.cpp(209,39): warning C4244: аргумент: преобразование "T" в "const unsigned int", возможна потеря данных
          with
          [
              T=float
          ]
  Simulation.cpp
C:\Git\lab7\lab_07\Simulation.h(26,32): warning C4091: extern : пропускается слева от "MoveDirection", когда ни одна переменная не объявлена
  Создание кода...
C:\Git\lab7\lab_07\GameObjectFactory.cpp(92): warning C4715: GameObjectFactory::init: значение возвращается не при всех путях выполнения
  lab_07.vcxproj -> C:\Git\lab7\Debug\lab_07.exe
